2025-07-05 17:40:51 add tests
2025-11-25 05:39:45 improve UX
2025-03-18 00:22:10 add example file
2025-07-23 13:08:05 update deployment script
2025-09-10 12:02:04 refactor tests
2025-01-08 06:30:57 reorganize files
2025-01-19 23:54:28 fix encoding issue
2025-03-29 03:54:12 fix typo in docs
2025-05-18 09:31:14 improve security
2025-09-25 10:27:56 improve logging format
2025-02-11 20:40:17 stabilize build
2025-08-21 03:14:05 fix crash issue
2025-09-10 06:31:03 fix timezone issue
2025-06-09 10:02:29 patch vulnerability
2025-05-02 15:09:56 reorganize files
2025-11-15 05:36:42 restructure project
2025-04-26 00:23:33 clean project structure
2025-09-22 12:19:37 add tests
2025-07-23 03:49:39 update workflow
2025-12-23 18:58:13 initial commit
2025-01-29 08:18:40 initial commit
2025-12-08 21:25:52 enhance error reporting
2025-12-17 22:16:22 refactor tests
2025-01-12 22:12:06 refactor code
2025-03-31 01:01:24 update headers
2025-11-16 14:58:22 add example file
2025-05-02 06:52:57 tweak configs
2025-08-29 16:43:17 update metadata
2025-02-26 05:07:39 update constants
2025-08-26 12:32:13 fix warnings
2025-11-06 21:38:46 optimize function
2025-03-25 05:06:43 add logging
2025-02-12 22:02:01 remove unused import
2025-09-21 02:30:39 update feature
2025-08-01 10:34:02 improve caching
2025-05-21 08:28:42 improve logging format
2025-08-04 19:26:13 restructure modules
2025-04-22 01:58:25 small refactor
2025-06-08 13:18:05 hotfix applied
2025-08-12 05:29:38 security patch
2025-06-14 00:54:39 fix permission issue
2025-02-20 03:30:25 improve security
2025-04-29 05:15:09 patch memory leak
2025-04-05 08:46:04 fix compatibility
2025-04-10 22:59:00 upgrade dependencies
2025-05-16 18:38:46 reorganize files
2025-04-22 12:54:40 enhance logging
2025-08-22 18:19:16 stabilize build
